<?xml version="1.0" encoding="UTF-8" ?>
<testsuite tests="0" failures="0" name="com.lxs.OBSTest" time="0" errors="0" skipped="0">
  <properties>
    <property name="idea.version" value="2022.2.4"/>
    <property name="java.runtime.name" value="OpenJDK Runtime Environment"/>
    <property name="sun.boot.library.path" value="C:\Users\25650\.jdks\azul-1.8.0_362\jre\bin"/>
    <property name="java.vm.version" value="25.362-b09"/>
    <property name="jdk.vendor.version" value="Zulu 8.68.0.21-CA-win64"/>
    <property name="java.vm.vendor" value="Azul Systems, Inc."/>
    <property name="maven.multiModuleProjectDirectory" value="D:\JavaCode\blogs\LXSBlog"/>
    <property name="java.vendor.url" value="http://www.azul.com/"/>
    <property name="path.separator" value=";"/>
    <property name="guice.disable.misplaced.annotation.check" value="true"/>
    <property name="java.vm.name" value="OpenJDK 64-Bit Server VM"/>
    <property name="file.encoding.pkg" value="sun.io"/>
    <property name="user.script" value=""/>
    <property name="user.country" value="CN"/>
    <property name="sun.java.launcher" value="SUN_STANDARD"/>
    <property name="sun.os.patch.level" value=""/>
    <property name="java.vm.specification.name" value="Java Virtual Machine Specification"/>
    <property name="user.dir" value="D:\JavaCode\blogs\LXSBlog"/>
    <property name="java.runtime.version" value="1.8.0_362-b09"/>
    <property name="java.awt.graphicsenv" value="sun.awt.Win32GraphicsEnvironment"/>
    <property name="java.endorsed.dirs" value="C:\Users\25650\.jdks\azul-1.8.0_362\jre\lib\endorsed"/>
    <property name="os.arch" value="amd64"/>
    <property name="java.io.tmpdir" value="C:\Users\25650\AppData\Local\Temp\"/>
    <property name="line.separator" value="
"/>
    <property name="java.vm.specification.vendor" value="Oracle Corporation"/>
    <property name="user.variant" value=""/>
    <property name="os.name" value="Windows 11"/>
    <property name="maven.ext.class.path" value="D:\Jetbrains\IntelliJ IDEA 2022.1.3\plugins\maven\lib\maven-event-listener.jar"/>
    <property name="classworlds.conf" value="D:\apache\apache-maven-3.8.6\bin\m2.conf"/>
    <property name="sun.jnu.encoding" value="GBK"/>
    <property name="java.library.path" value="C:\Users\25650\.jdks\azul-1.8.0_362\bin;C:\WINDOWS\Sun\Java\bin;C:\WINDOWS\system32;C:\WINDOWS;D:\Vmware\VMware-workstation\bin\;C:\Windows\system32;C:\Windows;C:\Windows\System32\Wbem;C:\Windows\System32\WindowsPowerShell\v1.0\;C:\Windows\System32\OpenSSH\;D:\JDK\bin;D:\JDK\jre\bin;D:\apache\apache-maven-3.8.6\bin;D:\apache\apache-tomcat-8.5.81\bin\;C:\Program Files (x86)\NVIDIA Corporation\PhysX\Common;C:\Program Files\NVIDIA Corporation\NVIDIA NvDLISR;D:\Git\cmd;C:\Program Files\nodejs\;C:\Program Files\nodejs\node_global;C:\Users\25650\Desktop\platform-tools_r33.0.3-windows\platform-tools\;%Android%;D:\Yarn\bin\;D:\Xshell\;C:\WINDOWS\system32;C:\WINDOWS;C:\WINDOWS\System32\Wbem;C:\WINDOWS\System32\WindowsPowerShell\v1.0\;C:\WINDOWS\System32\OpenSSH\;D:\MongoDB\bin;D:\Redis\;C:\Users\25650\AppData\Local\Programs\Python\Python38\Scripts\;C:\Users\25650\AppData\Local\Programs\Python\Python38\;C:\Users\25650\AppData\Local\Microsoft\WindowsApps;D:\Jetbrains\IntelliJ IDEA 2022.1.3\bin;;D:\Jetbrains\PyCharm 2022.1.3\bin;;D:\Microsoft VS Code\bin;C:\Users\25650\AppData\Roaming\npm;C:\Program Files\nodejs;C:\Users\25650\AppData\Local\Yarn\bin;;."/>
    <property name="maven.conf" value="D:\apache\apache-maven-3.8.6/conf"/>
    <property name="java.specification.name" value="Java Platform API Specification"/>
    <property name="java.class.version" value="52.0"/>
    <property name="sun.management.compiler" value="HotSpot 64-Bit Tiered Compilers"/>
    <property name="maven.repo.local" value="D:\apache\maven-repository"/>
    <property name="os.version" value="10.0"/>
    <property name="user.home" value="C:\Users\25650"/>
    <property name="user.timezone" value="Asia/Shanghai"/>
    <property name="java.awt.printerjob" value="sun.awt.windows.WPrinterJob"/>
    <property name="java.specification.version" value="1.8"/>
    <property name="file.encoding" value="UTF-8"/>
    <property name="user.name" value="25650"/>
    <property name="java.class.path" value="D:\apache\apache-maven-3.8.6\boot\plexus-classworlds-2.6.0.jar;D:\apache\apache-maven-3.8.6\boot\plexus-classworlds.license;D:\Jetbrains\IntelliJ IDEA 2022.1.3\lib\idea_rt.jar"/>
    <property name="java.vm.specification.version" value="1.8"/>
    <property name="sun.arch.data.model" value="64"/>
    <property name="java.home" value="C:\Users\25650\.jdks\azul-1.8.0_362\jre"/>
    <property name="sun.java.command" value="org.codehaus.classworlds.Launcher -Didea.version=2022.2.4 -s D:\apache\apache-maven-3.8.6\conf\settings.xml -Dmaven.repo.local=D:\apache\maven-repository install"/>
    <property name="java.specification.vendor" value="Oracle Corporation"/>
    <property name="user.language" value="zh"/>
    <property name="awt.toolkit" value="sun.awt.windows.WToolkit"/>
    <property name="java.vm.info" value="mixed mode"/>
    <property name="java.version" value="1.8.0_362"/>
    <property name="java.ext.dirs" value="C:\Users\25650\.jdks\azul-1.8.0_362\jre\lib\ext;C:\WINDOWS\Sun\Java\lib\ext"/>
    <property name="sun.boot.class.path" value="C:\Users\25650\.jdks\azul-1.8.0_362\jre\lib\resources.jar;C:\Users\25650\.jdks\azul-1.8.0_362\jre\lib\rt.jar;C:\Users\25650\.jdks\azul-1.8.0_362\jre\lib\sunrsasign.jar;C:\Users\25650\.jdks\azul-1.8.0_362\jre\lib\jsse.jar;C:\Users\25650\.jdks\azul-1.8.0_362\jre\lib\jce.jar;C:\Users\25650\.jdks\azul-1.8.0_362\jre\lib\charsets.jar;C:\Users\25650\.jdks\azul-1.8.0_362\jre\lib\jfr.jar;C:\Users\25650\.jdks\azul-1.8.0_362\jre\lib\cat.jar;C:\Users\25650\.jdks\azul-1.8.0_362\jre\classes"/>
    <property name="java.vendor" value="Azul Systems, Inc."/>
    <property name="java.specification.maintenance.version" value="4"/>
    <property name="maven.home" value="D:\apache\apache-maven-3.8.6"/>
    <property name="file.separator" value="\"/>
    <property name="java.vendor.url.bug" value="http://www.azul.com/support/"/>
    <property name="sun.cpu.endian" value="little"/>
    <property name="sun.io.unicode.encoding" value="UnicodeLittle"/>
    <property name="sun.desktop" value="windows"/>
    <property name="sun.cpu.isalist" value="amd64"/>
  </properties>
</testsuite>